<?xml version="1.0" encoding="UTF-8"?>
<testsuite xmlns:xsi="http://www.w3.org/2001/XMLSchema-instance" xsi:noNamespaceSchemaLocation="https://maven.apache.org/surefire/maven-surefire-plugin/xsd/surefire-test-report.xsd" name="org.csc.nsk.java2020.task01.arrays.ArraysTest" time="0.046" tests="7" errors="0" skipped="0" failures="7">
  <properties>
    <property name="gopherProxySet" value="false"/>
    <property name="awt.toolkit" value="sun.lwawt.macosx.LWCToolkit"/>
    <property name="java.specification.version" value="11"/>
    <property name="sun.cpu.isalist" value=""/>
    <property name="sun.jnu.encoding" value="UTF-8"/>
    <property name="java.class.path" value="/Users/r-posokhin/IdeaProjects/csc-java-2020/task01.arrays/target/test-classes:/Users/r-posokhin/IdeaProjects/csc-java-2020/task01.arrays/target/classes:/Users/r-posokhin/.m2/repository/junit/junit/4.13/junit-4.13.jar:/Users/r-posokhin/.m2/repository/org/hamcrest/hamcrest-core/1.3/hamcrest-core-1.3.jar:"/>
    <property name="java.vm.vendor" value="Oracle Corporation"/>
    <property name="sun.arch.data.model" value="64"/>
    <property name="java.vendor.url" value="http://java.oracle.com/"/>
    <property name="user.timezone" value=""/>
    <property name="java.vm.specification.version" value="11"/>
    <property name="os.name" value="Mac OS X"/>
    <property name="sun.java.launcher" value="SUN_STANDARD"/>
    <property name="user.country" value="US"/>
    <property name="sun.boot.library.path" value="/Library/Java/JavaVirtualMachines/jdk-11.0.4.jdk/Contents/Home/lib"/>
    <property name="sun.java.command" value="/Users/r-posokhin/IdeaProjects/csc-java-2020/task01.arrays/target/surefire/surefirebooter5934323906325564810.jar /Users/r-posokhin/IdeaProjects/csc-java-2020/task01.arrays/target/surefire 2020-03-02T01-50-44_139-jvmRun1 surefire11476961099307853037tmp surefire_02597486845725668189tmp"/>
    <property name="http.nonProxyHosts" value="local|*.local|169.254/16|*.169.254/16"/>
    <property name="jdk.debug" value="release"/>
    <property name="surefire.test.class.path" value="/Users/r-posokhin/IdeaProjects/csc-java-2020/task01.arrays/target/test-classes:/Users/r-posokhin/IdeaProjects/csc-java-2020/task01.arrays/target/classes:/Users/r-posokhin/.m2/repository/junit/junit/4.13/junit-4.13.jar:/Users/r-posokhin/.m2/repository/org/hamcrest/hamcrest-core/1.3/hamcrest-core-1.3.jar:"/>
    <property name="sun.cpu.endian" value="little"/>
    <property name="user.home" value="/Users/r-posokhin"/>
    <property name="user.language" value="en"/>
    <property name="java.specification.vendor" value="Oracle Corporation"/>
    <property name="java.version.date" value="2019-07-16"/>
    <property name="java.home" value="/Library/Java/JavaVirtualMachines/jdk-11.0.4.jdk/Contents/Home"/>
    <property name="file.separator" value="/"/>
    <property name="basedir" value="/Users/r-posokhin/IdeaProjects/csc-java-2020/task01.arrays"/>
    <property name="java.vm.compressedOopsMode" value="Zero based"/>
    <property name="line.separator" value="&#10;"/>
    <property name="java.specification.name" value="Java Platform API Specification"/>
    <property name="java.vm.specification.vendor" value="Oracle Corporation"/>
    <property name="java.awt.graphicsenv" value="sun.awt.CGraphicsEnvironment"/>
    <property name="surefire.real.class.path" value="/Users/r-posokhin/IdeaProjects/csc-java-2020/task01.arrays/target/surefire/surefirebooter5934323906325564810.jar"/>
    <property name="sun.management.compiler" value="HotSpot 64-Bit Tiered Compilers"/>
    <property name="ftp.nonProxyHosts" value="local|*.local|169.254/16|*.169.254/16"/>
    <property name="java.runtime.version" value="11.0.4+10-LTS"/>
    <property name="user.name" value="r-posokhin"/>
    <property name="path.separator" value=":"/>
    <property name="os.version" value="10.14.5"/>
    <property name="java.runtime.name" value="Java(TM) SE Runtime Environment"/>
    <property name="file.encoding" value="UTF-8"/>
    <property name="java.vm.name" value="Java HotSpot(TM) 64-Bit Server VM"/>
    <property name="java.vendor.version" value="18.9"/>
    <property name="localRepository" value="/Users/r-posokhin/.m2/repository"/>
    <property name="java.vendor.url.bug" value="http://bugreport.java.com/bugreport/"/>
    <property name="java.io.tmpdir" value="/var/folders/7f/gcrj0y2d4034qt89qn0n6s24xsxl24/T/"/>
    <property name="java.version" value="11.0.4"/>
    <property name="user.dir" value="/Users/r-posokhin/IdeaProjects/csc-java-2020/task01.arrays"/>
    <property name="os.arch" value="x86_64"/>
    <property name="java.vm.specification.name" value="Java Virtual Machine Specification"/>
    <property name="java.awt.printerjob" value="sun.lwawt.macosx.CPrinterJob"/>
    <property name="sun.os.patch.level" value="unknown"/>
    <property name="java.library.path" value="/Users/r-posokhin/Library/Java/Extensions:/Library/Java/Extensions:/Network/Library/Java/Extensions:/System/Library/Java/Extensions:/usr/lib/java:."/>
    <property name="java.vendor" value="Oracle Corporation"/>
    <property name="java.vm.info" value="mixed mode"/>
    <property name="java.vm.version" value="11.0.4+10-LTS"/>
    <property name="sun.io.unicode.encoding" value="UnicodeBig"/>
    <property name="java.class.version" value="55.0"/>
    <property name="socksNonProxyHosts" value="local|*.local|169.254/16|*.169.254/16"/>
  </properties>
  <testcase name="testAvg" classname="org.csc.nsk.java2020.task01.arrays.ArraysTest" time="0.006">
    <failure message="expected:&lt;0.0&gt; but was:&lt;2.0&gt;" type="java.lang.AssertionError"><![CDATA[java.lang.AssertionError: expected:<0.0> but was:<2.0>
	at org.csc.nsk.java2020.task01.arrays.ArraysTest.testAvg(ArraysTest.java:37)
]]></failure>
  </testcase>
  <testcase name="testMax" classname="org.csc.nsk.java2020.task01.arrays.ArraysTest" time="0">
    <failure message="expected:&lt;-2147483648&gt; but was:&lt;8&gt;" type="java.lang.AssertionError"><![CDATA[java.lang.AssertionError: expected:<-2147483648> but was:<8>
	at org.csc.nsk.java2020.task01.arrays.ArraysTest.testMax(ArraysTest.java:32)
]]></failure>
  </testcase>
  <testcase name="testMin" classname="org.csc.nsk.java2020.task01.arrays.ArraysTest" time="0">
    <failure message="expected:&lt;2147483647&gt; but was:&lt;2&gt;" type="java.lang.AssertionError"><![CDATA[java.lang.AssertionError: expected:<2147483647> but was:<2>
	at org.csc.nsk.java2020.task01.arrays.ArraysTest.testMin(ArraysTest.java:27)
]]></failure>
  </testcase>
  <testcase name="testSort" classname="org.csc.nsk.java2020.task01.arrays.ArraysTest" time="0.001">
    <failure type="java.lang.AssertionError">java.lang.AssertionError
	at org.csc.nsk.java2020.task01.arrays.ArraysTest.testSort(ArraysTest.java:22)
</failure>
  </testcase>
  <testcase name="testLongestGrowing" classname="org.csc.nsk.java2020.task01.arrays.ArraysTest" time="0">
    <failure type="java.lang.AssertionError">java.lang.AssertionError
	at org.csc.nsk.java2020.task01.arrays.ArraysTest.testLongestGrowing(ArraysTest.java:48)
</failure>
  </testcase>
  <testcase name="testReverse" classname="org.csc.nsk.java2020.task01.arrays.ArraysTest" time="0">
    <failure type="java.lang.AssertionError">java.lang.AssertionError
	at org.csc.nsk.java2020.task01.arrays.ArraysTest.testReverse(ArraysTest.java:15)
</failure>
  </testcase>
  <testcase name="testMedian" classname="org.csc.nsk.java2020.task01.arrays.ArraysTest" time="0.001">
    <failure message="expected:&lt;0.0&gt; but was:&lt;2.0&gt;" type="java.lang.AssertionError"><![CDATA[java.lang.AssertionError: expected:<0.0> but was:<2.0>
	at org.csc.nsk.java2020.task01.arrays.ArraysTest.testMedian(ArraysTest.java:42)
]]></failure>
  </testcase>
</testsuite>